Mon 17:31: PROGRESS: MaxCompiler version: 2014.2 (simulation only)
Mon 17:31: PROGRESS: Build "MovingAverageSimple" start time: Mon Apr 13 17:31:35 PDT 2015
Mon 17:31: PROGRESS: Main build process running as user demo on host localhost.localdomain
Mon 17:31: INFO    : Loading build properties from bundled MaxCompiler_build.conf...
Mon 17:31: INFO    : No default external build property file has been specified.
Mon 17:31: INFO    : (Set environment variable MAXCOMPILER_DEFAULT_CONF_FILE to assign one)
Mon 17:31: INFO    : Loading user build properties from: /home/demo/.MaxCompiler_build_user.conf
Mon 17:31: INFO    : No user-specified external build property file has been specified.
Mon 17:31: INFO    : (Set environment variable MAXCOMPILER_BUILD_CONF_FILE to assign one)
Mon 17:31: INFO    : Loading additional parameters from MAXCOMPILER_BUILD_CONF environment variable
Mon 17:31: PROGRESS: Build location: /home/demo/Desktop/MaxCompiler-Builds/MovingAverageSimple_VECTIS_DFE_SIM
Mon 17:31: PROGRESS: Detailed build log available in "_build.log"
Mon 17:31: INFO    : Created build manager MovingAverageSimple (MovingAverageSimple_VECTIS_DFE_SIM Mon Apr 13 17:31:35 PDT 2015). (17:31:35 13/04/15)
Mon 17:31: INFO    : Working in dir: /home/demo/Desktop/MaxCompiler-Builds/MovingAverageSimple_VECTIS_DFE_SIM
Mon 17:31: INFO    : Java class path (2 paths):
Mon 17:31: INFO    : 	/home/demo/workspace/spread-hft/EngineCode/bin
Mon 17:31: INFO    : 	/opt/maxeler/maxcompiler/lib/MaxCompiler.jar
Mon 17:31: INFO    : Java process started by 'main' method in class 'movingaveragesimple.MovingAverageSimpleManager'.
Mon 17:31: INFO    : build.arbitrated_core_cache parameter is blank, not using core-cache
Mon 17:31: INFO    : Checking license files in directory: /opt/maxeler/maxcompiler/licenses
Mon 17:31: INFO    : All license signatures valid.
Mon 17:31: INFO    : Backing-up source-files (old source files in build directory will be removed first)...
Mon 17:31: INFO    : Source directories: /home/demo/workspace/spread-hft/EngineCode/src:
Mon 17:31: INFO    : Deleting directory: src
Mon 17:31: INFO    : Copying source-files took 1.48296 ms
Mon 17:31: PROGRESS: Instantiating manager
Mon 17:31: INFO    : Deleting /home/demo/Desktop/MaxCompiler-Builds/MovingAverageSimple_VECTIS_DFE_SIM/scratch/MovingAverageSimpleKernel.graphs
Mon 17:31: PROGRESS: Instantiating kernel "MovingAverageSimpleKernel"
Mon 17:31: PROGRESS: Compiling manager (CPU I/O Only)
Mon 17:31: INFO    : Manager Configuration:
Mon 17:31: INFO    : 	ManagerConfiguration.allowNonMultipleTransitions = false                                                         [Init: false]
Mon 17:31: INFO    : 	ManagerConfiguration.board = MAX3424A                                                                            [Init: null, init: MAX3424A]
Mon 17:31: INFO    : 	ManagerConfiguration.build.buildEffort = MEDIUM                                                                  [Init: MEDIUM]
Mon 17:31: INFO    : 	ManagerConfiguration.build.enableChipScopeInserter = false                                                       [Init: false]
Mon 17:31: INFO    : 	ManagerConfiguration.build.enableTimingAnalysis = true                                                           [Init: true]
Mon 17:31: INFO    : 	ManagerConfiguration.build.level = FULL_BUILD                                                                    [Init: FULL_BUILD]
Mon 17:31: INFO    : 	ManagerConfiguration.build.mpprContinueAfterMeetingTiming = false                                                [Init: false]
Mon 17:31: INFO    : 	ManagerConfiguration.build.mpprCtMax = 1                                                                         [Init: 1]
Mon 17:31: INFO    : 	ManagerConfiguration.build.mpprCtMin = 1                                                                         [Init: 1]
Mon 17:31: INFO    : 	ManagerConfiguration.build.mpprParallelism = 1                                                                   [Init: 1]
Mon 17:31: INFO    : 	ManagerConfiguration.build.mpprRetryMissesThrshld = 0                                                            [Init: 0]
Mon 17:31: INFO    : 	ManagerConfiguration.build.optGoal = BALANCED                                                                    [Init: BALANCED]
Mon 17:31: INFO    : 	ManagerConfiguration.build.physSynthAsyncPipelining = AUTO                                                       [Init: AUTO]
Mon 17:31: INFO    : 	ManagerConfiguration.build.physSynthCombLogic = AUTO                                                             [Init: AUTO]
Mon 17:31: INFO    : 	ManagerConfiguration.build.physSynthCombLogicForArea = AUTO                                                      [Init: AUTO]
Mon 17:31: INFO    : 	ManagerConfiguration.build.physSynthEffort = AUTO                                                                [Init: AUTO]
Mon 17:31: INFO    : 	ManagerConfiguration.build.physSynthRegDuplication = AUTO                                                        [Init: AUTO]
Mon 17:31: INFO    : 	ManagerConfiguration.build.physSynthRetiming = AUTO                                                              [Init: AUTO]
Mon 17:31: INFO    : 	ManagerConfiguration.build.physicalSynthesis = false                                                             [Init: false]
Mon 17:31: INFO    : 	ManagerConfiguration.buildTarget = DFE_SIM                                                                       [Init: null, init: DFE_SIM]
Mon 17:31: INFO    : 	ManagerConfiguration.debug.chipscopeCaptureDepth = 4096                                                          [Init: 4096]
Mon 17:31: INFO    : 	ManagerConfiguration.debug.fifoUnderOverFlowRegs = false                                                         [Init: false]
Mon 17:31: INFO    : 	ManagerConfiguration.debug.memCtlDebugRegs = true                                                                [Init: true]
Mon 17:31: INFO    : 	ManagerConfiguration.debug.memCtlExtraDebugRegs = false                                                          [Init: false]
Mon 17:31: INFO    : 	ManagerConfiguration.debug.memMarginingSupport = false                                                           [Init: false]
Mon 17:31: INFO    : 	ManagerConfiguration.debug.memPhyDebugRegister = NONE                                                            [Init: NONE]
Mon 17:31: INFO    : 	ManagerConfiguration.debug.memPllLockDebugRegs = true                                                            [Init: true]
Mon 17:31: INFO    : 	ManagerConfiguration.debug.streamStatus = false                                                                  [Init: false]
Mon 17:31: INFO    : 	ManagerConfiguration.debug.streamStatusChecksums = false                                                         [Init: false]
Mon 17:31: INFO    : 	ManagerConfiguration.dram.addressGeneratorsInSlowClock = false                                                   [Init: false]
Mon 17:31: INFO    : 	ManagerConfiguration.dram.arbitrationMode = ROUND_ROBIN                                                          [Init: ROUND_ROBIN]
Mon 17:31: INFO    : 	ManagerConfiguration.dram.burstSize = 8                                                                          [Init: 8]
Mon 17:31: INFO    : 	ManagerConfiguration.dram.cmdFifoInReg = false                                                                   [Init: false]
Mon 17:31: INFO    : 	ManagerConfiguration.dram.cmdFifoLutRam = false                                                                  [Init: false]
Mon 17:31: INFO    : 	ManagerConfiguration.dram.cmdFifoRegInRam = true                                                                 [Init: true]
Mon 17:31: INFO    : 	ManagerConfiguration.dram.cmdFifoSize = 31                                                                       [Init: 31]
Mon 17:31: INFO    : 	ManagerConfiguration.dram.commandEchoModeEnabled = false                                                         [Init: false]
Mon 17:31: INFO    : 	ManagerConfiguration.dram.commandEchoModeFifoDepth = 512                                                         [Init: 512]
Mon 17:31: INFO    : 	ManagerConfiguration.dram.commandEchoModeStreamAlmostEmptyLatency = 792                                          [Init: 792]
Mon 17:31: INFO    : 	ManagerConfiguration.dram.commandEchoModeStreamAlmostEmptyLatency = 8                                            [Init: 8]
Mon 17:31: INFO    : 	ManagerConfiguration.dram.commandEchoModeStreamStallLatency = 8                                                  [Init: 8]
Mon 17:31: INFO    : 	ManagerConfiguration.dram.dataFifoDepth = 512                                                                    [Init: 512]
Mon 17:31: INFO    : 	ManagerConfiguration.dram.dataFifoLutRam = false                                                                 [Init: false]
Mon 17:31: INFO    : 	ManagerConfiguration.dram.dataFifoWidth = 792                                                                    [Init: 792]
Mon 17:31: INFO    : 	ManagerConfiguration.dram.eccMode = false                                                                        [Init: false]
Mon 17:31: INFO    : 	ManagerConfiguration.dram.fabricDataFifoReg = true                                                               [Init: true]
Mon 17:31: INFO    : 	ManagerConfiguration.dram.fabricRdDataFifoReg = false                                                            [Init: false]
Mon 17:31: INFO    : 	ManagerConfiguration.dram.flagSupport = false                                                                    [Init: false]
Mon 17:31: INFO    : 	ManagerConfiguration.dram.highPrioStream = false                                                                 [Init: false]
Mon 17:31: INFO    : 	ManagerConfiguration.dram.max2CompatMode = false                                                                 [Init: false]
Mon 17:31: INFO    : 	ManagerConfiguration.dram.max4m_GALAVA_MCP_UseRefClk = false                                                     [Init: false]
Mon 17:31: INFO    : 	ManagerConfiguration.dram.max4m_MAIA_MCP_UseRefClk = false                                                       [Init: false]
Mon 17:31: INFO    : 	ManagerConfiguration.dram.max4qrateMode = false                                                                  [Init: false]
Mon 17:31: INFO    : 	ManagerConfiguration.dram.memCmdIncSize = 8                                                                      [Init: 8]
Mon 17:31: INFO    : 	ManagerConfiguration.dram.memCmdStartAddrSize = 32                                                               [Init: 32]
Mon 17:31: INFO    : 	ManagerConfiguration.dram.onCardMemFreq = 303.0                                                                  [Init: 0.0, change: 303.0]
Mon 17:31: INFO    : 	ManagerConfiguration.dram.parEccDebugStream = false                                                              [Init: false]
Mon 17:31: INFO    : 	ManagerConfiguration.dram.parityEccWidth = 0                                                                     [Init: 0]
Mon 17:31: INFO    : 	ManagerConfiguration.dram.parityMode = false                                                                     [Init: false]
Mon 17:31: INFO    : 	ManagerConfiguration.dram.perdqsPhaseDetect = false                                                              [Init: false]
Mon 17:31: INFO    : 	ManagerConfiguration.dram.performanceMode = true                                                                 [Init: true]
Mon 17:31: INFO    : 	ManagerConfiguration.enableMPCX = false                                                                          [Init: false, init: false]
Mon 17:31: INFO    : 	ManagerConfiguration.maxring.maxringConnections = []                                                             [Init: []]
Mon 17:31: INFO    : 	ManagerConfiguration.maxring.maxringNumLanes = {MAXRING_LITE_B=1, MAXRING_LITE_A=1, MAXRING_A=2, MAXRING_B=2}    [Init: {}]
Mon 17:31: INFO    : 	ManagerConfiguration.multiCycleMappedMemoryBus = false                                                           [Init: false]
Mon 17:31: INFO    : 	ManagerConfiguration.network.qsfpBotMode = QSFP_OFF                                                              [Init: QSFP_OFF]
Mon 17:31: INFO    : 	ManagerConfiguration.network.qsfpMidMode = QSFP_OFF                                                              [Init: QSFP_OFF]
Mon 17:31: INFO    : 	ManagerConfiguration.network.qsfpTopMode = QSFP_OFF                                                              [Init: QSFP_OFF]
Mon 17:31: INFO    : 	ManagerConfiguration.pcie.numPCIeLanes = 0                                                                       [Init: 0]
Mon 17:31: INFO    : 	ManagerConfiguration.pcie.pcieFastClock = false                                                                  [Init: false]
Mon 17:31: INFO    : 	ManagerConfiguration.pcie.streamFromHostMaxNum = 8                                                               [Init: 0, change: 8]
Mon 17:31: INFO    : 	ManagerConfiguration.pcie.streamToHostMaxNum = 8                                                                 [Init: 0, change: 8]
Mon 17:31: INFO    : 	ManagerConfiguration.persona.boardModel = MAX3424A                                                               [Init: null, change: MAX3424A]
Mon 17:31: INFO    : 	ManagerConfiguration.persona.ddr3Enable = false                                                                  [Init: false]
Mon 17:31: INFO    : 	ManagerConfiguration.persona.ddr3Frq = 303.0                                                                     [Init: 400.0, change: 303.0]
Mon 17:31: INFO    : 	ManagerConfiguration.persona.ddr3Qmode = false                                                                   [Init: false]
Mon 17:31: INFO    : 	ManagerConfiguration.persona.disableMultiplePersona = true                                                       [Init: true]
Mon 17:31: INFO    : 	ManagerConfiguration.persona.dynamic_scaling = false                                                             [Init: false]
Mon 17:31: INFO    : 	ManagerConfiguration.persona.maxRingLocal = false                                                                [Init: false]
Mon 17:31: INFO    : 	ManagerConfiguration.persona.maxRingOptical = false                                                              [Init: false]
Mon 17:31: INFO    : 	ManagerConfiguration.persona.maxringDataRate = 2500.0                                                            [Init: 2500.0]
Mon 17:31: INFO    : 	ManagerConfiguration.persona.maxringOpticalDataRate = 10000.0                                                    [Init: 10000.0]
Mon 17:31: INFO    : 	ManagerConfiguration.persona.mode = InitMode                                                                     [Init: InitMode]
Mon 17:31: INFO    : 	ManagerConfiguration.persona.networkPTP = OFF                                                                    [Init: OFF]
Mon 17:31: INFO    : 	ManagerConfiguration.persona.networkQSFP_BOT = QSFP_OFF                                                          [Init: QSFP_OFF]
Mon 17:31: INFO    : 	ManagerConfiguration.persona.networkQSFP_MID = QSFP_OFF                                                          [Init: QSFP_OFF]
Mon 17:31: INFO    : 	ManagerConfiguration.persona.networkQSFP_TOP = QSFP_OFF                                                          [Init: QSFP_OFF]
Mon 17:31: INFO    : 	ManagerConfiguration.persona.panMaxRingA = false                                                                 [Init: false]
Mon 17:31: INFO    : 	ManagerConfiguration.persona.panMaxRingB = false                                                                 [Init: false]
Mon 17:31: INFO    : 	ManagerConfiguration.persona.personaInterfaceVersion = 1                                                         [Init: 1]
Mon 17:31: INFO    : 	ManagerConfiguration.persona.qdr2Enable = false                                                                  [Init: false]
Mon 17:31: INFO    : 	ManagerConfiguration.persona.qdr2Frq = 550.0                                                                     [Init: 550.0]
Mon 17:31: INFO    : 	ManagerConfiguration.persona.streamClks = 1                                                                      [Init: 1]
Mon 17:31: INFO    : 	ManagerConfiguration.persona.streamFrq = [100.0]                                                                 [Init: [150.0], change: [100.0]]
Mon 17:31: INFO    : 	ManagerConfiguration.persona.streamPs = [0]                                                                      [Init: [0]]
Mon 17:31: INFO    : 	ManagerConfiguration.persona.usePCIeGen1 = false                                                                 [Init: false]
Mon 17:31: INFO    : 	ManagerConfiguration.simulation.nativeFloatingPoint = false                                                      [Init: false]
Mon 17:31: INFO    : 	ManagerConfiguration.streamClockFrq = 100                                                                        [Init: 100]
Mon 17:31: INFO    : 	ManagerConfiguration.useLegacyStreamFIFOs = false                                                                [Init: false]
Mon 17:31: INFO    : 
Mon 17:31: INFO    :  -- 
Mon 17:31: PROGRESS: 
Mon 17:31: PROGRESS: Compiling kernel "MovingAverageSimpleKernel"
Mon 17:31: INFO    : Configuration:
Mon 17:31: INFO    : 	KernelConfiguration.additionalInputPipelining = 64                                          [Init: 64]
Mon 17:31: INFO    : 	KernelConfiguration.allowDSPCascading = true                                                [Init: true]
Mon 17:31: INFO    : 	KernelConfiguration.allowInputsOutputsBeforeFlushNode = false                               [Init: false]
Mon 17:31: INFO    : 	KernelConfiguration.allowZeroLatencyNodeHold = false                                        [Init: false]
Mon 17:31: INFO    : 	KernelConfiguration.board = MAX3424A                                                        [Init: MAX2116B, change: MAX3424A]
Mon 17:31: INFO    : 	KernelConfiguration.bramBitsThreshold = 2080                                                [Init: 2080]
Mon 17:31: INFO    : 	KernelConfiguration.buildTarget = MAXCOMPILERSIM_HOST_DRIVEN                                [Init: NONE, change: MAXCOMPILERSIM_HOST_DRIVEN]
Mon 17:31: INFO    : 	KernelConfiguration.cePipelining = 2                                                        [Init: 2]
Mon 17:31: INFO    : 	KernelConfiguration.clockPhaseBalanceThreshold = 0.1                                        [Init: 0.1]
Mon 17:31: INFO    : 	KernelConfiguration.clockPhasingRetries = 50                                                [Init: 50]
Mon 17:31: INFO    : 	KernelConfiguration.dumpNeighboursString =                                                  [Init: ]
Mon 17:31: INFO    : 	KernelConfiguration.enableCeReplication = true                                              [Init: true]
Mon 17:31: INFO    : 	KernelConfiguration.enableClockPhasePartitioning = false                                    [Init: false]
Mon 17:31: INFO    : 	KernelConfiguration.enableDebugIOControlRegs = true                                         [Init: true]
Mon 17:31: INFO    : 	KernelConfiguration.enableDummyBuild = false                                                [Init: false]
Mon 17:31: INFO    : 	KernelConfiguration.enableKernelProfiler = false                                            [Init: false]
Mon 17:31: INFO    : 	KernelConfiguration.enablePipelinedComputeController = false                                [Init: false]
Mon 17:31: INFO    : 	KernelConfiguration.enableShadowRegister = false                                            [Init: false]
Mon 17:31: INFO    : 	KernelConfiguration.enableSmartKernelControl = false                                        [Init: false]
Mon 17:31: INFO    : 	KernelConfiguration.fifoSrlRegisterStages = 1                                               [Init: 1]
Mon 17:31: INFO    : 	KernelConfiguration.flushOnInputDataCongtiguous = false                                     [Init: false]
Mon 17:31: INFO    : 	KernelConfiguration.hardwareDebugDepth = 512                                                [Init: 512]
Mon 17:31: INFO    : 	KernelConfiguration.hwHierarchyMode = UNSET                                                 [Init: UNSET]
Mon 17:31: INFO    : 	KernelConfiguration.latencyAnnotation = false                                               [Init: false]
Mon 17:31: INFO    : 	KernelConfiguration.latencyAnnotationIOs =                                                  [Init: null]
Mon 17:31: INFO    : 	KernelConfiguration.maxCoalescedFifoWidth = 2147483647                                      [Init: 2147483647]
Mon 17:31: INFO    : 	KernelConfiguration.maxPreAdderFanOut = 1                                                   [Init: 1]
Mon 17:31: INFO    : 	KernelConfiguration.netlistMode = false                                                     [Init: false]
Mon 17:31: INFO    : 	KernelConfiguration.numPhotonStateMachines = 1                                              [Init: 1]
Mon 17:31: INFO    : 	KernelConfiguration.optimizations.ceCounterRegisterDuplication = 1                          [Init: 1]
Mon 17:31: INFO    : 	KernelConfiguration.optimizations.conditionalArithmetic = false                             [Init: true, Init after BuildTarget change: false]
Mon 17:31: INFO    : 	KernelConfiguration.optimizations.counterChainWrapPipelining = 0                            [Init: 0]
Mon 17:31: INFO    : 	KernelConfiguration.optimizations.dspAddChain = OPTIMISE_IGNORE_PREADDER                    [Init: null, Init after BuildTarget change: OPTIMISE_IGNORE_PREADDER]
Mon 17:31: INFO    : 	KernelConfiguration.optimizations.enableActiveFanoutReduction = false                       [Init: false]
Mon 17:31: INFO    : 	KernelConfiguration.optimizations.enableBUFGCE = false                                      [Init: false]
Mon 17:31: INFO    : 	KernelConfiguration.optimizations.enableBetterInputRegistering = false                      [Init: false]
Mon 17:31: INFO    : 	KernelConfiguration.optimizations.enableBetterRegistering = false                           [Init: false]
Mon 17:31: INFO    : 	KernelConfiguration.optimizations.enableFIFOCoalescingAcrossPlacementConstraints = false    [Init: false]
Mon 17:31: INFO    : 	KernelConfiguration.optimizations.enableFifoCoalescing = true                               [Init: true]
Mon 17:31: INFO    : 	KernelConfiguration.optimizations.enableFullPrecisionBinaryOpConstants = false              [Init: false]
Mon 17:31: INFO    : 	KernelConfiguration.optimizations.enableIntegratedRounding = false                          [Init: false]
Mon 17:31: INFO    : 	KernelConfiguration.optimizations.enableMappedMemoryHostReadBack = true                     [Init: true]
Mon 17:31: INFO    : 	KernelConfiguration.optimizations.enableMultiCycleReset = false                             [Init: false]
Mon 17:31: INFO    : 	KernelConfiguration.optimizations.enablePowerTwoFloatMult = true                            [Init: true]
Mon 17:31: INFO    : 	KernelConfiguration.optimizations.enableRedundantNodeDeletion = true                        [Init: true]
Mon 17:31: INFO    : 	KernelConfiguration.optimizations.enableStateMachineRegisterMerging = true                  [Init: true]
Mon 17:31: INFO    : 	KernelConfiguration.optimizations.inputFlushDistanceFactor = 0                              [Init: 0]
Mon 17:31: INFO    : 	KernelConfiguration.optimizations.minimumStaticFIFOSplitDepth = 1                           [Init: 1]
Mon 17:31: INFO    : 	KernelConfiguration.optimizations.optimizationTechnique = DEFAULT                           [Init: DEFAULT]
Mon 17:31: INFO    : 	KernelConfiguration.optimizations.triAdd = false                                            [Init: true, Init after BuildTarget change: false]
Mon 17:31: INFO    : 	KernelConfiguration.partialReconfBlockName =                                                [Init: ]
Mon 17:31: INFO    : 	KernelConfiguration.partialReconfMode = false                                               [Init: false]
Mon 17:31: INFO    : 	KernelConfiguration.partialReconfTemplate = false                                           [Init: false]
Mon 17:31: INFO    : 	KernelConfiguration.replicateNodeCeLog2NumPartitions = 0                                    [Init: 0]
Mon 17:31: INFO    : 	KernelConfiguration.romBRAMBitsThreshold = 2080                                             [Init: 2080]
Mon 17:31: INFO    : 	KernelConfiguration.simulation.ramAddressCollisionBehaviour = EXCEPTION                     [Init: EXCEPTION]
Mon 17:31: INFO    : 	KernelConfiguration.simulation.ramOutOfBoundsAccessBehaviour = EXCEPTION                    [Init: EXCEPTION]
Mon 17:31: INFO    : 	KernelConfiguration.simulation.simProgressMessageFrequency = 0                              [Init: 0]
Mon 17:31: INFO    : 
Mon 17:31: INFO    :  -- 
Mon 17:31: INFO    : Writing current graph to: MovingAverageSimple-MovingAverageSimpleKernel-original.pxg
Mon 17:31: INFO    : Running kernel graph-pass 'GeneratePXG'.
Mon 17:31: INFO    : Graph-pass 'GeneratePXG' took 48.5014 ms (1 iterations)
Mon 17:31: INFO    : Running kernel graph-pass 'MarkConstantPass'.
Mon 17:31: INFO    : Graph-pass 'MarkConstantPass' took 10.2694 ms (1 iterations)
Mon 17:31: INFO    : Running kernel graph-pass 'ReachabilityPass'.
Mon 17:31: INFO    : Graph-pass 'ReachabilityPass' took 755.516 µs (1 iterations)
Mon 17:31: INFO    : Running kernel graph-pass 'FindInputsLeadingToFlush'.
Mon 17:31: INFO    : Graph-pass 'FindInputsLeadingToFlush' took 78.1220 µs (1 iterations)
Mon 17:31: INFO    : Running kernel graph-pass 'CheckForStatefulToFlushViolations'.
Mon 17:31: INFO    : Graph-pass 'CheckForStatefulToFlushViolations' took 177.026 µs (1 iterations)
Mon 17:31: INFO    : Running kernel graph-pass 'CheckForInputToFlushViolations'.
Mon 17:31: INFO    : Graph-pass 'CheckForInputToFlushViolations' took 406.744 µs (1 iterations)
Mon 17:31: INFO    : Deleting directory: neighbours
Mon 17:31: INFO    : Running Photon pre-schedule graph optimisations
Mon 17:31: INFO    : Running kernel graph-pass 'AlignOrEradicatePrintfs'.
Mon 17:31: INFO    : Graph-pass 'AlignOrEradicatePrintfs' took 30.1510 µs (1 iterations)
Mon 17:31: INFO    : Running kernel graph-pass 'FoldConstantsPass'.
Mon 17:31: INFO    : Graph-pass 'FoldConstantsPass' took 306.241 µs (1 iterations)
Mon 17:31: INFO    : Running kernel graph-pass 'OptimiseNodesPass'.
Mon 17:31: INFO    : Graph-pass 'OptimiseNodesPass' took 1.18552 ms (2 iterations)
Mon 17:31: INFO    : Running kernel graph-pass 'DeleteRedundantNodes'.
Mon 17:31: INFO    : Graph-pass 'DeleteRedundantNodes' took 69.7600 µs (1 iterations)
Mon 17:31: INFO    : Running kernel graph-pass 'DSPMultiplyAddExtractionPass'.
Mon 17:31: INFO    : Optimized 0 sub-graphs into DSP multiply/add chains (Virtex5 mode).
Mon 17:31: INFO    : Graph-pass 'DSPMultiplyAddExtractionPass' took 12.2601 ms (1 iterations)
Mon 17:31: INFO    : Running kernel graph-pass 'PO2FPMultOptimiser'.
Mon 17:31: INFO    : Graph-pass 'PO2FPMultOptimiser' took 442.426 µs (1 iterations)
Mon 17:31: INFO    : Running Photon simulation preparation
Mon 17:31: INFO    : Running kernel graph-pass 'PrepareSimulationPass'.
Mon 17:31: INFO    : Graph-pass 'PrepareSimulationPass' took 29.9790 µs (1 iterations)
Mon 17:31: INFO    : Logging Photon stats to: MovingAverageSimpleKernel_photon_stats.csv
Mon 17:31: INFO    : Deleting /home/demo/Desktop/MaxCompiler-Builds/MovingAverageSimple_VECTIS_DFE_SIM/scratch/MovingAverageSimpleKernel_photon_stats.csv
Mon 17:31: INFO    : Running kernel graph-pass 'StatsPass'.
Mon 17:31: INFO    : Graph-pass 'StatsPass' took 688.494 µs (1 iterations)
Mon 17:31: INFO    : Running kernel graph-pass 'CollectNumericExceptions'.
Mon 17:31: INFO    : Graph-pass 'CollectNumericExceptions' took 50.6350 µs (1 iterations)
Mon 17:31: INFO    : Running kernel graph-pass 'StreamOffsetDivExpand'.
Mon 17:31: INFO    : Graph-pass 'StreamOffsetDivExpand' took 96.1360 µs (1 iterations)
Mon 17:31: INFO    : Running kernel graph-pass 'FindIllegalLoops'.
Mon 17:31: INFO    : Graph-pass 'FindIllegalLoops' took 3.65699 ms (1 iterations)
Mon 17:31: INFO    : Running kernel graph-pass 'MarkConstantPass'.
Mon 17:31: INFO    : Graph-pass 'MarkConstantPass' took 54.1580 µs (1 iterations)
Mon 17:31: INFO    : Running kernel graph-pass 'ScheduleVariables'.
Mon 17:31: INFO    : Graph-pass 'ScheduleVariables' took 3.88329 ms (1 iterations)
Mon 17:31: INFO    : Running kernel graph-pass 'SubstituteEqPlaceholders'.
Mon 17:31: INFO    : Graph-pass 'SubstituteEqPlaceholders' took 50.5990 µs (1 iterations)
Mon 17:31: INFO    : Running kernel graph-pass 'ScheduleApplier'.
Mon 17:31: INFO    : Graph-pass 'ScheduleApplier' took 279.045 µs (1 iterations)
Mon 17:31: INFO    : Running kernel graph-pass 'MarkConstantPass'.
Mon 17:31: INFO    : Graph-pass 'MarkConstantPass' took 35.1440 µs (1 iterations)
Mon 17:31: INFO    : Running kernel graph-pass 'ScheduleDumper'.
Mon 17:31: INFO    : Graph-pass 'ScheduleDumper' took 772.624 µs (1 iterations)
Mon 17:31: INFO    : Running Photon post-schedule graph optimisations (pass 1)
Mon 17:31: INFO    : Running kernel graph-pass 'TapFIFOsPass'.
Mon 17:31: INFO    : Graph-pass 'TapFIFOsPass' took 4.13843 ms (1 iterations)
Mon 17:31: INFO    : Running kernel graph-pass 'FoldFIFOsPass'.
Mon 17:31: INFO    : Graph-pass 'FoldFIFOsPass' took 80.3620 µs (1 iterations)
Mon 17:31: INFO    : Running kernel graph-pass 'MarkConstantPass'.
Mon 17:31: INFO    : Graph-pass 'MarkConstantPass' took 35.8610 µs (1 iterations)
Mon 17:31: INFO    : Running kernel graph-pass 'ValidateFIFOs'.
Mon 17:31: INFO    : Graph-pass 'ValidateFIFOs' took 22.4710 µs (1 iterations)
Mon 17:31: INFO    : Running kernel graph-pass 'MarkConstantPass'.
Mon 17:31: INFO    : Graph-pass 'MarkConstantPass' took 34.2490 µs (1 iterations)
Mon 17:31: INFO    : Running kernel graph-pass 'ScheduleDumper'.
Mon 17:31: INFO    : Graph-pass 'ScheduleDumper' took 598.852 µs (1 iterations)
Mon 17:31: INFO    : Running kernel graph-pass 'MarkConstantPass'.
Mon 17:31: INFO    : Graph-pass 'MarkConstantPass' took 34.9130 µs (1 iterations)
Mon 17:31: INFO    : Running kernel graph-pass 'ScheduleConstants'.
Mon 17:31: INFO    : Running command: cbc "MovingAverageSimpleKernel_schedule_C.mps.gz" -solve  -printi csv -solu "MovingAverageSimpleKernel_schedule_C.csv" > "MovingAverageSimpleKernel_schedule_C.stdout.log"
Mon 17:31: INFO    : Checking for file hash changes...
Mon 17:31: INFO    : No changes.
Mon 17:31: INFO    : Optimum found: 352
Mon 17:31: INFO    : Graph-pass 'ScheduleConstants' took 32.8016 ms (1 iterations)
Mon 17:31: INFO    : Running kernel graph-pass 'MarkConstantPass'.
Mon 17:31: INFO    : Graph-pass 'MarkConstantPass' took 44.0110 µs (1 iterations)
Mon 17:31: INFO    : Running kernel graph-pass 'ScheduleDumper'.
Mon 17:31: INFO    : Graph-pass 'ScheduleDumper' took 635.381 µs (1 iterations)
Mon 17:31: INFO    : Running kernel graph-pass 'SubstituteEqPlaceholders'.
Mon 17:31: INFO    : Graph-pass 'SubstituteEqPlaceholders' took 36.4580 µs (1 iterations)
Mon 17:31: INFO    : Running kernel graph-pass 'RemoveDistMeasurementNodes'.
Mon 17:31: INFO    : Graph-pass 'RemoveDistMeasurementNodes' took 26.8800 µs (1 iterations)
Mon 17:31: INFO    : Running kernel graph-pass 'ScheduleApplier'.
Mon 17:31: INFO    : Graph-pass 'ScheduleApplier' took 11.8331 ms (1 iterations)
Mon 17:31: INFO    : Maximum stream latency for kernel 'MovingAverageSimpleKernel': 61
Mon 17:31: INFO    : Using user logic for flush.
Mon 17:31: INFO    : Running Photon post-schedule graph optimisations (pass 2)
Mon 17:31: INFO    : Running kernel graph-pass 'TapFIFOsPass'.
Mon 17:31: INFO    : Graph-pass 'TapFIFOsPass' took 1.55445 ms (2 iterations)
Mon 17:31: INFO    : Running kernel graph-pass 'FoldFIFOsPass'.
Mon 17:31: INFO    : Graph-pass 'FoldFIFOsPass' took 172.460 µs (1 iterations)
Mon 17:31: INFO    : Running kernel graph-pass 'MarkConstantPass'.
Mon 17:31: INFO    : Graph-pass 'MarkConstantPass' took 40.2380 µs (1 iterations)
Mon 17:31: INFO    : Running kernel graph-pass 'ScheduleAsserter'.
Mon 17:31: INFO    : Graph-pass 'ScheduleAsserter' took 136.076 µs (1 iterations)
Mon 17:31: INFO    : Running kernel graph-pass 'ReplaceEvalStreamOffsetNodes'.
Mon 17:31: INFO    : Graph-pass 'ReplaceEvalStreamOffsetNodes' took 24.7240 µs (1 iterations)
Mon 17:31: INFO    : Running kernel graph-pass 'FIFOReport'.
Mon 17:31: INFO    : Graph-pass 'FIFOReport' took 727.308 µs (1 iterations)
Mon 17:31: INFO    : Running kernel graph-pass 'StatsPass'.
Mon 17:31: INFO    : Graph-pass 'StatsPass' took 758.132 µs (1 iterations)
Mon 17:31: INFO    : Running kernel graph-pass 'RemoveUntypedConstants'.
Mon 17:31: INFO    : Graph-pass 'RemoveUntypedConstants' took 5.47603 ms (1 iterations)
Mon 17:31: INFO    : Running kernel graph-pass 'VariableSizeMappedRegInserter'.
Mon 17:31: INFO    : Graph-pass 'VariableSizeMappedRegInserter' took 26.4060 µs (1 iterations)
Mon 17:31: INFO    : Running kernel graph-pass 'MarkConstantPass'.
Mon 17:31: INFO    : Graph-pass 'MarkConstantPass' took 40.7110 µs (1 iterations)
Mon 17:31: INFO    : Running kernel graph-pass 'MakeMaxFileNodeData'.
Mon 17:31: INFO    : Graph-pass 'MakeMaxFileNodeData' took 1.14979 ms (1 iterations)
Mon 17:31: INFO    : Running kernel graph-pass 'MoveFanoutRegsForwards'.
Mon 17:31: INFO    : Graph-pass 'MoveFanoutRegsForwards' took 24.4420 µs (1 iterations)
Mon 17:31: INFO    : Optimization report for Kernel 'MovingAverageSimpleKernel'.
Mon 17:31: INFO    : Enabled optimizations:
Mon 17:31: INFO    : 	DSP-Multiplication
Mon 17:31: INFO    : 	Power-of-2 Floating Point
Mon 17:31: INFO    : Creating a preliminary MaxCompilerDesignData.dat. (@ CoreCompile MovingAverageSimpleKernel)
Mon 17:31: INFO    : Deleting /home/demo/Desktop/MaxCompiler-Builds/MovingAverageSimple_VECTIS_DFE_SIM/scratch/MaxCompilerDesignData.dat
Mon 17:31: INFO    : Total compilation of 'MovingAverageSimpleKernel' took 268.889 ms.
Mon 17:31: INFO    : Running kernel graph-pass 'MarkConstantPass'.
Mon 17:31: INFO    : Graph-pass 'MarkConstantPass' took 74.1980 µs (1 iterations)
Mon 17:31: INFO    : Running kernel graph-pass 'MaxConstantLatency'.
Mon 17:31: INFO    : Graph-pass 'MaxConstantLatency' took 187.820 µs (1 iterations)
Mon 17:31: INFO    : Running kernel graph-pass 'SimCodeGraphPass'.
Mon 17:31: INFO    : Graph-pass 'SimCodeGraphPass' took 41.7355 ms (1 iterations)
Mon 17:31: INFO    : Writing current graph to: MovingAverageSimple-MovingAverageSimpleKernel-final-simulation.pxg
Mon 17:31: INFO    : Running kernel graph-pass 'GeneratePXG'.
Mon 17:31: INFO    : Graph-pass 'GeneratePXG' took 33.0254 ms (1 iterations)
Mon 17:31: INFO    : Deleting /home/demo/Desktop/MaxCompiler-Builds/MovingAverageSimple_VECTIS_DFE_SIM/scratch/Manager_MovingAverageSimple.graphs
Mon 17:31: INFO    : Running manager compiler graph-pass: GenerateMXGInfo
Mon 17:31: INFO    : Running manager compiler graph-pass: ScheduleStallLatency
Mon 17:31: INFO    : Running manager compiler graph-pass: ClockWidthAssignment
Mon 17:31: INFO    : Running manager compiler graph-pass: InsertDualAspectLogic
Mon 17:31: INFO    : Running manager compiler graph-pass: ClockWidthAssignment
Mon 17:31: INFO    : Running manager compiler graph-pass: InsertPullPushAdapter
Mon 17:31: INFO    : Running manager compiler graph-pass: ClockWidthAssignment
Mon 17:31: INFO    : Running manager compiler graph-pass: InsertStreamFifos
Mon 17:31: INFO    : Running manager compiler graph-pass: ClockWidthAssignment
Mon 17:31: INFO    : Running manager compiler graph-pass: InsertStreamStatus
Mon 17:31: INFO    : Running manager compiler graph-pass: InsertChipscope
Mon 17:31: INFO    : Inserted 0 chipscope manager nodes.
Mon 17:31: INFO    : Running manager compiler graph-pass: ClockWidthAssignment
Mon 17:31: INFO    : Running manager compiler graph-pass: ReportClockAssignments
Mon 17:31: INFO    : Running manager compiler graph-pass: BuildSoftwareSim
Mon 17:31: INFO    : Mapped register report:
Mon 17:31: INFO    : 	0	io_x_force_disabled	1bytes
Mon 17:31: INFO    : 	1	io_y_force_disabled	1bytes
Mon 17:31: INFO    : 	2	run_cycle_count	6bytes
Mon 17:31: INFO    : 	8	current_run_cycle_count	6bytes
Mon 17:31: INFO    : 	e	dbg_ctld_almost_empty	1bytes
Mon 17:31: INFO    : 	f	dbg_ctld_done	1bytes
Mon 17:31: INFO    : 	10	dbg_ctld_empty	1bytes
Mon 17:31: INFO    : 	11	dbg_ctld_read	1bytes
Mon 17:31: INFO    : 	12	dbg_ctld_read_pipe_dbg	1bytes
Mon 17:31: INFO    : 	13	dbg_ctld_request	1bytes
Mon 17:31: INFO    : 	14	dbg_done_out	1bytes
Mon 17:31: INFO    : 	15	dbg_fill_level	1bytes
Mon 17:31: INFO    : 	16	dbg_flush_level	1bytes
Mon 17:31: INFO    : 	17	dbg_flush_start	1bytes
Mon 17:31: INFO    : 	18	dbg_flush_start_level	1bytes
Mon 17:31: INFO    : 	19	dbg_flushing	1bytes
Mon 17:31: INFO    : 	1a	dbg_full_level	1bytes
Mon 17:31: INFO    : 	1b	dbg_out_stall	1bytes
Mon 17:31: INFO    : 	1c	dbg_out_valid	1bytes
Mon 17:31: INFO    : 	1d	dbg_stall_vector	1bytes
Mon 17:31: INFO    : 	1e	ifpga_ctrl	1bytes
Mon 17:31: INFO    : 	1f	SFA_FORWARD_EN	4bytes
Mon 17:31: INFO    : Mapped register chain length = 35
Mon 17:31: INFO    : Mapped register efficiency = 0.63 (176 / 280 bits)
Mon 17:31: INFO    : Mapped memory report:
Mon 17:31: INFO    : 	No mapped memories in this design.
Mon 17:31: INFO    : Running manager compiler graph-pass: GenerateMXGInfo
Mon 17:31: INFO    : Running manager compiler graph-pass: GenerateSlicHostCode
Mon 17:31: INFO    : Generating SLIC interface information
Mon 17:31: INFO    : Generating SLIC code for interface 'default'
Mon 17:31: INFO    : Skipping blacklisted scalar parameter 'MovingAverageSimpleKernel.current_run_cycle_count'
Mon 17:31: INFO    : Interface 'default' depends on parameter 'N'
Mon 17:31: INFO    : Generating XML description for Maxfile
Mon 17:31: INFO    : Generating XML description for mode 'default'
Mon 17:31: INFO    : Skipping blacklisted scalar parameter 'MovingAverageSimpleKernel.current_run_cycle_count'
Mon 17:31: INFO    : Interface 'default' depends on parameter 'N'
Mon 17:31: INFO    : Adding SLIC sections to the maxfile
Mon 17:31: INFO    : Adding user files to the maxfile
Mon 17:31: INFO    : Generating SLIC include file
Mon 17:31: INFO    : Done generating SLIC interface information
Mon 17:31: PROGRESS: Running back-end simulation build (3 phases)
Mon 17:31: PROGRESS: (1/3) - Prepare MaxFile Data (GenerateMaxFileDataFile)
Mon 17:31: INFO    : Build pass 'GenerateMaxFileDataFile' took 14.4278 ms.
Mon 17:31: PROGRESS: (2/3) - Compile Simulation Modules (SimCompilePass)
Mon 17:31: INFO    : Running command: make -j1
Mon 17:31: INFO    : Checking for file hash changes...
Mon 17:31: INFO    : Hash changed for file: '../../MaxCompilerDesignData.dat'
Mon 17:31: INFO    : /opt/maxeler/maxcompiler/lib/gcc/bin/g++ -c -I/usr/include/x86_64-linux-gnu -fPIC -D__USE_XOPEN2K8 -O3  -I. -I/opt/maxeler/maxcompiler/lib/boost/include -I/opt/maxeler/maxcompiler/lib/maxeleros-sim/include -I/opt/maxeler/maxcompiler/lib/lwip_sim -I/opt/maxeler/maxcompiler/lib/lwip_sim/include -I/opt/maxeler/maxcompiler/lib/lwip_sim/include/arch -I/opt/maxeler/maxcompiler/lib/lwip_sim/include/ipv4  -DHAVE_KERNELS -DMAXFILE_INC="../../MaxCompilerDesignData.dat" -g0  -DSLIC_NO_DECLARATIONS   -O0 -DOPTIMIZATION_LEVEL=0 -x c++-header \
Mon 17:31: INFO    : 		-o stdsimheader.h.gch/O0_stdsimheader.h.gch stdsimheader.h
Mon 17:31: INFO    : /opt/maxeler/maxcompiler/lib/gcc/bin/g++ -c -I/usr/include/x86_64-linux-gnu -fPIC -D__USE_XOPEN2K8 -O3  -I. -I/opt/maxeler/maxcompiler/lib/boost/include -I/opt/maxeler/maxcompiler/lib/maxeleros-sim/include -I/opt/maxeler/maxcompiler/lib/lwip_sim -I/opt/maxeler/maxcompiler/lib/lwip_sim/include -I/opt/maxeler/maxcompiler/lib/lwip_sim/include/arch -I/opt/maxeler/maxcompiler/lib/lwip_sim/include/ipv4  -DHAVE_KERNELS -DMAXFILE_INC="../../MaxCompilerDesignData.dat" -g0  -DSLIC_NO_DECLARATIONS   -fno-implicit-templates -O2 -DOPTIMIZATION_LEVEL=2 -x c++-header \
Mon 17:31: INFO    : 		-o stdsimheader.h.gch/NoTplInst_O2_stdsimheader.h.gch stdsimheader.h
Mon 17:31: INFO    : make MovingAverageSimple.so
Mon 17:31: INFO    : make[1]: Entering directory `/home/demo/Desktop/MaxCompiler-Builds/MovingAverageSimple_VECTIS_DFE_SIM/scratch/software-sim/build'
Mon 17:31: INFO    : /opt/maxeler/maxcompiler/lib/gcc/bin/g++ -c -I/usr/include/x86_64-linux-gnu -fPIC -D__USE_XOPEN2K8 -O3  -I. -I/opt/maxeler/maxcompiler/lib/boost/include -I/opt/maxeler/maxcompiler/lib/maxeleros-sim/include -I/opt/maxeler/maxcompiler/lib/lwip_sim -I/opt/maxeler/maxcompiler/lib/lwip_sim/include -I/opt/maxeler/maxcompiler/lib/lwip_sim/include/arch -I/opt/maxeler/maxcompiler/lib/lwip_sim/include/ipv4  -DHAVE_KERNELS -DMAXFILE_INC="../../MaxCompilerDesignData.dat" -g0  -DSLIC_NO_DECLARATIONS   -O0 -DOPTIMIZATION_LEVEL=0 -o objdir/max_msi.O0.o max_msi.cpp
Mon 17:31: INFO    : /opt/maxeler/maxcompiler/lib/gcc/bin/g++ -I/usr/include/x86_64-linux-gnu -fPIC -D__USE_XOPEN2K8 -O3  -I. -I/opt/maxeler/maxcompiler/lib/boost/include -I/opt/maxeler/maxcompiler/lib/maxeleros-sim/include -I/opt/maxeler/maxcompiler/lib/lwip_sim -I/opt/maxeler/maxcompiler/lib/lwip_sim/include -I/opt/maxeler/maxcompiler/lib/lwip_sim/include/arch -I/opt/maxeler/maxcompiler/lib/lwip_sim/include/ipv4  -DHAVE_KERNELS -DMAXFILE_INC="../../MaxCompilerDesignData.dat" -g0  -DSLIC_NO_DECLARATIONS   -MM -MP -MT objdir/max_msi.O0.o \
Mon 17:31: INFO    : 		max_msi.cpp > objdir/max_msi.O0.d
Mon 17:31: INFO    : /opt/maxeler/maxcompiler/lib/gcc/bin/g++ -fPIC -shared -B/usr/lib/x86_64-linux-gnu -L/opt/maxeler/maxcompiler/lib/boost/lib -lboost_thread -lboost_system -lboost_filesystem -lrt -pthread -O2 -s  -o MovingAverageSimple.so objdir/MovingAverageSimpleKernel_exec0.NoTplInst.O2.o objdir/MovingAverageSimpleKernel.O0.o objdir/MovingAverageSimpleKernel_Templates.O2.o objdir/max_msi.O0.o StructToGroupDummy.o Mux.o DualAspectMux.o Demux.o Fanout.o CapRegs.o IFPGARegs.o ChecksumMem.o PCIe.o KernelManagerBlockSync.o DualAspectReg.o PullPushAdapter.o FilePullSource.o max_shared_fifo.o SharedFIFO.o Fifos.o FilePushSink.o SimTerminator.o Watch.o StreamStatus.o RunLengthExpander.o ManagerBlock.o MappedElements.o ManagerSync.o PullSync.o PushSync.o DynamicVarUInt.o SimException.o DebugStreams.o AddressGenerator.o MemoryControllerPro.o MemoryControllerRAM.o MemoryControllerCommand.o MemoryControllerStreams.o MemoryControllerConfig.o TCP.o Ethernet.o Timestamp.o /opt/maxeler/maxcompiler/lib/lwip_sim/lib/liblwip.a
Mon 17:31: INFO    : make[1]: Leaving directory `/home/demo/Desktop/MaxCompiler-Builds/MovingAverageSimple_VECTIS_DFE_SIM/scratch/software-sim/build'
Mon 17:31: INFO    : Build pass 'SimCompilePass' took 8.51347 s.
Mon 17:31: PROGRESS: (3/3) - Generate MaxFile (AddSimObjectToMaxFilePass)
Mon 17:31: INFO    : Build pass 'AddSimObjectToMaxFilePass' took 450.384 ms.
Mon 17:31: INFO    : Final result files after build: 
Mon 17:31: INFO    : Running command: ln -sf "../scratch/MovingAverageSimple-MovingAverageSimpleKernel-original.pxg"
Mon 17:31: INFO    : MovingAverageSimple-MovingAverageSimpleKernel-original.pxg (BuildFilePXG)
Mon 17:31: INFO    : Running command: ln -sf "../scratch/MovingAverageSimpleKernel_Configuration.txt"
Mon 17:31: INFO    : MovingAverageSimpleKernel_Configuration.txt (BuildFile)
Mon 17:31: INFO    : Running command: ln -sf "../scratch/MovingAverageSimpleKernel_NodeDiary.txt"
Mon 17:31: INFO    : MovingAverageSimpleKernel_NodeDiary.txt (BuildFile)
Mon 17:31: INFO    : Running command: ln -sf "../scratch/MovingAverageSimple-MovingAverageSimpleKernel-final-simulation.pxg"
Mon 17:31: INFO    : MovingAverageSimple-MovingAverageSimpleKernel-final-simulation.pxg (BuildFilePXG)
Mon 17:31: INFO    : Running command: ln -sf "../scratch/MovingAverageSimple.xml"
Mon 17:31: INFO    : MovingAverageSimple.xml (BuildFile)
Mon 17:31: INFO    : Running command: ln -sf "../scratch/MovingAverageSimple.h"
Mon 17:31: INFO    : MovingAverageSimple.h (BuildFileSlicH)
Mon 17:31: INFO    : Running command: ln -sf "../scratch/MovingAverageSimple.max"
Mon 17:31: INFO    : MovingAverageSimple.max (BuildFileMaxFile)
Mon 17:31: INFO    : Result files will be copied to '/home/demo/workspace/spread-hft/RunRules/Simulation/maxfiles'
Mon 17:31: INFO    : Result 'MovingAverageSimple-MovingAverageSimpleKernel-original.pxg' is identical to '/home/demo/workspace/spread-hft/RunRules/Simulation/maxfiles/MovingAverageSimple-MovingAverageSimpleKernel-original.pxg': not overwriting.
Mon 17:31: INFO    : Result 'MovingAverageSimple-MovingAverageSimpleKernel-final-simulation.pxg' is identical to '/home/demo/workspace/spread-hft/RunRules/Simulation/maxfiles/MovingAverageSimple-MovingAverageSimpleKernel-final-simulation.pxg': not overwriting.
Mon 17:31: INFO    : Result 'MovingAverageSimple.h' is identical to '/home/demo/workspace/spread-hft/RunRules/Simulation/maxfiles/MovingAverageSimple.h': not overwriting.
Mon 17:31: INFO    : Result 'MovingAverageSimple.max' is identical to '/home/demo/workspace/spread-hft/RunRules/Simulation/maxfiles/MovingAverageSimple.max': not overwriting.
Mon 17:31: PROGRESS: MaxFile: /home/demo/Desktop/MaxCompiler-Builds/MovingAverageSimple_VECTIS_DFE_SIM/results/MovingAverageSimple.max (MD5Sum: eefb81e85ee098595a7c75ba3f5afbbb)
Mon 17:31: INFO    : Waiting for any outstanding jobs to finish... 
Mon 17:31: PROGRESS: Build completed: Mon Apr 13 17:31:45 PDT 2015 (took 10 secs)
