Mon 16:28: ########################################## 
Mon 16:28: Compiling.
Mon 16:28: ########################################## 

Mon 16:28: MaxCompiler version: 2014.2 (simulation only).
Mon 16:28: Build Simulation run rule for spreads-max start time: Mon Apr 13 16:28:05 PDT 2015.
Mon 16:28: Project location: /home/demo/workspace/spreads-max.
Mon 16:28: Detailed build log: /home/demo/workspace/spreads-max/RunRules/Simulation/build.log.

Mon 16:28: Compiling Engine Code.
Mon 16:28: Engine building skipped (no changes on .max files).
Mon 16:28: Compiling CPU Code.
Mon 16:28: Run CPU project make files updating
Mon 16:28: Executing command:
Mon 16:28: java -jar /opt/maxeler/maxcompiler/lib/MaxIDE/projectAdmin.jar -u /home/demo/workspace/spreads-max Simulation 
Mon 16:28: Command output:

Mon 16:28: MaxCompiler Project Admin Tool Version 2014.2
Mon 16:28:  Copyright Maxeler Technologies 2010 - 2014. All rights reserved.

Mon 16:28: Handler version 2
Mon 16:28: Updating RunRule dependent Makefiles for RunRule 'Simulation'
Mon 16:28: 	Updating: Simulation
Mon 16:28: Found makefiles: 1
Mon 16:28: 	Updated: Simulation
Mon 16:28: Run CPU make.
Mon 16:28: make RUNRULE=Simulation 
Mon 16:28: Command output:
Mon 16:28: make -f Makefile.rules build
Mon 16:28: make[1]: Entering directory `/home/demo/workspace/spreads-max/CPUCode'
Mon 16:28: set -e; rm -f ../RunRules/Simulation/objects/c/SpreadDeltaCpuCode.d ;                                                             \
Mon 16:28: 	  cc -M -std=gnu99 -g -O3 -Wall -Wextra -I../RunRules/Simulation/include  -I '/opt/maxeler/maxcompiler/include/slic'  -Wno-error SpreadDeltaCpuCode.c > ../RunRules/Simulation/objects/c/SpreadDeltaCpuCode.d.$$ ;                                 \
Mon 16:28:       sed 's,\(SpreadDeltaCpuCode\)\.o[ :]*,../RunRules/Simulation/objects/c/\1.o ../RunRules/Simulation/objects/c/SpreadDeltaCpuCode.d : ,g' < ../RunRules/Simulation/objects/c/SpreadDeltaCpuCode.d.$$ > ../RunRules/Simulation/objects/c/SpreadDeltaCpuCode.d; \
Mon 16:28:       rm -f ../RunRules/Simulation/objects/c/SpreadDeltaCpuCode.d.$$
Mon 16:28: make[1]: Leaving directory `/home/demo/workspace/spreads-max/CPUCode'
Mon 16:28: make[1]: Entering directory `/home/demo/workspace/spreads-max/CPUCode'
Mon 16:28: cc -std=gnu99 -g -O3 -Wall -Wextra -I../RunRules/Simulation/include  -I '/opt/maxeler/maxcompiler/include/slic'  -c SpreadDeltaCpuCode.c -o ../RunRules/Simulation/objects/c/SpreadDeltaCpuCode.o
Mon 16:28: cc -std=gnu99 -g -O3 -Wall -Wextra -I../RunRules/Simulation/include  -I '/opt/maxeler/maxcompiler/include/slic'  -o ../RunRules/Simulation/binaries/FieldSwap ../RunRules/Simulation/objects/maxfiles/slic_FieldSwap.o ../RunRules/Simulation/objects/c/SpreadDeltaCpuCode.o -g -O3  -L '/opt/maxeler/maxcompiler/lib' -lslic -L '/opt/maxeler/maxcompiler/lib/maxeleros-sim/lib' -lmaxeleros -lpthread -lm -lrt 
Mon 16:28: make[1]: Leaving directory `/home/demo/workspace/spreads-max/CPUCode'
Mon 16:28: Build completed: Mon Apr 13 16:28:05 PDT 2015


Mon 16:28: ########################################## 
Mon 16:28: Running
Mon 16:28: ########################################## 
Mon 16:28: Executing command:
Mon 16:28: '/home/demo/workspace/spreads-max/RunRules/Simulation/binaries/FieldSwap' '169.254.10.2' '169.254.10.1' '255.255.255.0' 
Mon 16:28: Command output:
Mon 16:28: SLiC Error #446 @ toe_internal.c:2292 - No such TCP stream 'tcp_ch2_sfp1'
Mon 16:28: SLiC Error #518 @ tcp.c:35 - Error reported from function "max_tcp_create_socket_with_number".
Mon 16:28: Process terminated with exit code -1.
Mon 16:28: Aborted